TypeScript Error Analysis - Tue Jul 15 04:19:03 EDT 2025
=======================================

üìã This will show ALL type errors, not just the first one...

üîß Method 1: Running TypeScript compiler check...
================================================
‚úÖ No TypeScript compiler errors found

üîß Method 2: Running Next.js build with detailed output...
========================================================

> crypto-trading-dashboard@0.1.0 build
> next build

 [33m[1m‚ö†[22m[39m You are using a non-standard "NODE_ENV" value in your environment. This creates inconsistencies in the project and is strongly advised against. Read more: https://nextjs.org/docs/messages/non-standard-node-env
  [1m[38;2;173;127;168m‚ñ≤ Next.js 14.2.30[39m[22m
  - Environments: .env.local, .env.production, .env

 [37m[1m [22m[39m Creating an optimized production build ...
 [32m[1m‚úì[22m[39m Compiled successfully
 [37m[1m [22m[39m Linting and checking validity of types ...
[31mFailed to compile.
[39m
[36m./src/components/dashboard/enhanced-realtime-table.tsx[39m:[33m142[39m:[33m50[39m
[31m[1mType error[22m[39m: Expected 1 arguments, but got 2.

[0m [90m 140 |[39m                   [0m
[0m [90m 141 |[39m                   [33m<[39m[33mtd[39m className[33m=[39m[32m"p-3 font-mono text-sm text-white"[39m[33m>[39m[0m
[0m[31m[1m>[22m[39m[90m 142 |[39m                     {formatCurrency(token[33m.[39mprice[33m,[39m [35m6[39m)}[0m
[0m [90m     |[39m                                                  [31m[1m^[22m[39m[0m
[0m [90m 143 |[39m                   [33m<[39m[33m/[39m[33mtd[39m[33m>[39m[0m
[0m [90m 144 |[39m                   [0m
[0m [90m 145 |[39m                   [33m<[39m[33mtd[39m className[33m=[39m[32m"p-3 text-white"[39m[33m>[39m[0m
Next.js build worker exited with code: 1 and signal: null

üîß Method 3: Extracting all type errors from build...
====================================================
üìù All Type Errors Found:
========================

üìù All Module Not Found Errors:
===============================

üìù All Import/Export Errors:
============================

üìä Error Summary:
================
üî¢ Type errors: 0
0
üî¢ Module not found: 0
0
üî¢ Import/export errors: 0
0
üî¢ Total errors: 

üí° All errors captured for comprehensive fixing!

üîß Method 4: Quick file-by-file check...
========================================
üìÅ Checking common problem files:
üîç src/app/dashboard/page.tsx:
   ‚ùå Has TypeScript errors:
      src/app/dashboard/page.tsx(4,35): error TS2307: Cannot find module '@/components/dashboard/realtime-momentum-table' or its corresponding type declarations.
      src/app/dashboard/page.tsx(5,34): error TS2307: Cannot find module '@/lib/realtime-store' or its corresponding type declarations.
      src/app/dashboard/page.tsx(6,22): error TS2307: Cannot find module '@/components/ui/card' or its corresponding type declarations.
      src/app/dashboard/page.tsx(7,23): error TS2307: Cannot find module '@/components/ui/badge' or its corresponding type declarations.
      src/app/dashboard/page.tsx(23,5): error TS17004: Cannot use JSX unless the '--jsx' flag is provided.
      src/app/dashboard/page.tsx(24,7): error TS17004: Cannot use JSX unless the '--jsx' flag is provided.
      src/app/dashboard/page.tsx(26,9): error TS17004: Cannot use JSX unless the '--jsx' flag is provided.
      src/app/dashboard/page.tsx(27,11): error TS17004: Cannot use JSX unless the '--jsx' flag is provided.
      src/app/dashboard/page.tsx(28,13): error TS17004: Cannot use JSX unless the '--jsx' flag is provided.
      src/app/dashboard/page.tsx(31,13): error TS17004: Cannot use JSX unless the '--jsx' flag is provided.

üîç src/components/dashboard/enhanced-realtime-table.tsx:
   ‚ùå Has TypeScript errors:
      src/components/dashboard/enhanced-realtime-table.tsx(4,22): error TS2307: Cannot find module '@/components/ui/card' or its corresponding type declarations.
      src/components/dashboard/enhanced-realtime-table.tsx(5,24): error TS2307: Cannot find module '@/components/ui/button' or its corresponding type declarations.
      src/components/dashboard/enhanced-realtime-table.tsx(6,34): error TS2307: Cannot find module '@/lib/realtime-store' or its corresponding type declarations.
      src/components/dashboard/enhanced-realtime-table.tsx(8,50): error TS2307: Cannot find module '@/lib/utils' or its corresponding type declarations.
      src/components/dashboard/enhanced-realtime-table.tsx(9,30): error TS6142: Module '../token-details/token-detail-modal' was resolved to '/Users/maevekelly/Downloads/crypto-app/crypto-trading-dashboard/src/components/token-details/token-detail-modal.tsx', but '--jsx' is not set.
      src/components/dashboard/enhanced-realtime-table.tsx(10,32): error TS2307: Cannot find module '@/lib/ml-learning' or its corresponding type declarations.
      src/components/dashboard/enhanced-realtime-table.tsx(63,5): error TS17004: Cannot use JSX unless the '--jsx' flag is provided.
      src/components/dashboard/enhanced-realtime-table.tsx(64,7): error TS17004: Cannot use JSX unless the '--jsx' flag is provided.
      src/components/dashboard/enhanced-realtime-table.tsx(65,9): error TS17004: Cannot use JSX unless the '--jsx' flag is provided.
      src/components/dashboard/enhanced-realtime-table.tsx(66,11): error TS17004: Cannot use JSX unless the '--jsx' flag is provided.

üîç src/components/dashboard/realtime-momentum-table.tsx:
   ‚ùå Has TypeScript errors:
      src/components/dashboard/realtime-momentum-table.tsx(4,22): error TS2307: Cannot find module '@/components/ui/card' or its corresponding type declarations.
      src/components/dashboard/realtime-momentum-table.tsx(5,24): error TS2307: Cannot find module '@/components/ui/button' or its corresponding type declarations.
      src/components/dashboard/realtime-momentum-table.tsx(6,34): error TS2307: Cannot find module '@/lib/realtime-store' or its corresponding type declarations.
      src/components/dashboard/realtime-momentum-table.tsx(8,50): error TS2307: Cannot find module '@/lib/utils' or its corresponding type declarations.
      src/components/dashboard/realtime-momentum-table.tsx(46,5): error TS17004: Cannot use JSX unless the '--jsx' flag is provided.
      src/components/dashboard/realtime-momentum-table.tsx(47,7): error TS17004: Cannot use JSX unless the '--jsx' flag is provided.
      src/components/dashboard/realtime-momentum-table.tsx(48,9): error TS17004: Cannot use JSX unless the '--jsx' flag is provided.
      src/components/dashboard/realtime-momentum-table.tsx(49,11): error TS17004: Cannot use JSX unless the '--jsx' flag is provided.
      src/components/dashboard/realtime-momentum-table.tsx(50,13): error TS17004: Cannot use JSX unless the '--jsx' flag is provided.
      src/components/dashboard/realtime-momentum-table.tsx(53,13): error TS17004: Cannot use JSX unless the '--jsx' flag is provided.

üîç src/lib/realtime-store.ts:
   ‚úÖ No obvious TypeScript errors

üîç middleware/auth.ts:
   ‚ùå Has TypeScript errors:
      middleware/auth.ts(2,8): error TS1192: Module '"/Users/maevekelly/Downloads/crypto-app/crypto-trading-dashboard/node_modules/@types/jsonwebtoken/index"' has no default export.
      node_modules/next/dist/build/templates/app-page.d.ts(10,40): error TS2307: Cannot find module 'VAR_MODULE_GLOBAL_ERROR' or its corresponding type declarations.
      node_modules/next/dist/build/webpack-config.d.ts(11,104): error TS2694: Namespace '"/Users/maevekelly/Downloads/crypto-app/crypto-trading-dashboard/node_modules/next/dist/compiled/webpack/webpack".webpack' has no exported member 'RuleSetUseItem'.
      node_modules/next/dist/build/webpack/loaders/next-app-loader.d.ts(1,13): error TS2613: Module '"/Users/maevekelly/Downloads/crypto-app/crypto-trading-dashboard/node_modules/next/dist/compiled/webpack/webpack"' has no default export. Did you mean to use 'import { webpack } from "/Users/maevekelly/Downloads/crypto-app/crypto-trading-dashboard/node_modules/next/dist/compiled/webpack/webpack"' instead?
      node_modules/next/dist/build/webpack/plugins/define-env-plugin.d.ts(26,86): error TS2694: Namespace '"/Users/maevekelly/Downloads/crypto-app/crypto-trading-dashboard/node_modules/next/dist/compiled/webpack/webpack".webpack' has no exported member 'DefinePlugin'.
      node_modules/next/dist/client/components/error-boundary.d.ts(1,8): error TS1259: Module '"/Users/maevekelly/Downloads/crypto-app/crypto-trading-dashboard/node_modules/@types/react/index"' can only be default-imported using the 'esModuleInterop' flag
      node_modules/next/dist/client/components/layout-router.d.ts(3,8): error TS1259: Module '"/Users/maevekelly/Downloads/crypto-app/crypto-trading-dashboard/node_modules/@types/react/index"' can only be default-imported using the 'esModuleInterop' flag
      node_modules/next/dist/client/components/not-found-boundary.d.ts(1,8): error TS1259: Module '"/Users/maevekelly/Downloads/crypto-app/crypto-trading-dashboard/node_modules/@types/react/index"' can only be default-imported using the 'esModuleInterop' flag
      node_modules/next/dist/client/with-router.d.ts(1,8): error TS1259: Module '"/Users/maevekelly/Downloads/crypto-app/crypto-trading-dashboard/node_modules/@types/react/index"' can only be default-imported using the 'esModuleInterop' flag
      node_modules/next/dist/server/app-render/entry-base.d.ts(1,85): error TS2307: Cannot find module 'react-server-dom-webpack/server.edge' or its corresponding type declarations.

üîç middleware/rate-limit.ts:
   ‚ùå Has TypeScript errors:
      node_modules/next/dist/build/templates/app-page.d.ts(10,40): error TS2307: Cannot find module 'VAR_MODULE_GLOBAL_ERROR' or its corresponding type declarations.
      node_modules/next/dist/build/webpack-config.d.ts(11,104): error TS2694: Namespace '"/Users/maevekelly/Downloads/crypto-app/crypto-trading-dashboard/node_modules/next/dist/compiled/webpack/webpack".webpack' has no exported member 'RuleSetUseItem'.
      node_modules/next/dist/build/webpack/loaders/next-app-loader.d.ts(1,13): error TS2613: Module '"/Users/maevekelly/Downloads/crypto-app/crypto-trading-dashboard/node_modules/next/dist/compiled/webpack/webpack"' has no default export. Did you mean to use 'import { webpack } from "/Users/maevekelly/Downloads/crypto-app/crypto-trading-dashboard/node_modules/next/dist/compiled/webpack/webpack"' instead?
      node_modules/next/dist/build/webpack/plugins/define-env-plugin.d.ts(26,86): error TS2694: Namespace '"/Users/maevekelly/Downloads/crypto-app/crypto-trading-dashboard/node_modules/next/dist/compiled/webpack/webpack".webpack' has no exported member 'DefinePlugin'.
      node_modules/next/dist/client/components/error-boundary.d.ts(1,8): error TS1259: Module '"/Users/maevekelly/Downloads/crypto-app/crypto-trading-dashboard/node_modules/@types/react/index"' can only be default-imported using the 'esModuleInterop' flag
      node_modules/next/dist/client/components/layout-router.d.ts(3,8): error TS1259: Module '"/Users/maevekelly/Downloads/crypto-app/crypto-trading-dashboard/node_modules/@types/react/index"' can only be default-imported using the 'esModuleInterop' flag
      node_modules/next/dist/client/components/not-found-boundary.d.ts(1,8): error TS1259: Module '"/Users/maevekelly/Downloads/crypto-app/crypto-trading-dashboard/node_modules/@types/react/index"' can only be default-imported using the 'esModuleInterop' flag
      node_modules/next/dist/client/with-router.d.ts(1,8): error TS1259: Module '"/Users/maevekelly/Downloads/crypto-app/crypto-trading-dashboard/node_modules/@types/react/index"' can only be default-imported using the 'esModuleInterop' flag
      node_modules/next/dist/server/app-render/entry-base.d.ts(1,85): error TS2307: Cannot find module 'react-server-dom-webpack/server.edge' or its corresponding type declarations.
      node_modules/next/dist/server/render.d.ts(17,8): error TS1259: Module '"/Users/maevekelly/Downloads/crypto-app/crypto-trading-dashboard/node_modules/@types/react/index"' can only be default-imported using the 'esModuleInterop' flag

üîç middleware/security.ts:
   ‚ùå Has TypeScript errors:
      node_modules/next/dist/build/templates/app-page.d.ts(10,40): error TS2307: Cannot find module 'VAR_MODULE_GLOBAL_ERROR' or its corresponding type declarations.
      node_modules/next/dist/build/webpack-config.d.ts(11,104): error TS2694: Namespace '"/Users/maevekelly/Downloads/crypto-app/crypto-trading-dashboard/node_modules/next/dist/compiled/webpack/webpack".webpack' has no exported member 'RuleSetUseItem'.
      node_modules/next/dist/build/webpack/loaders/next-app-loader.d.ts(1,13): error TS2613: Module '"/Users/maevekelly/Downloads/crypto-app/crypto-trading-dashboard/node_modules/next/dist/compiled/webpack/webpack"' has no default export. Did you mean to use 'import { webpack } from "/Users/maevekelly/Downloads/crypto-app/crypto-trading-dashboard/node_modules/next/dist/compiled/webpack/webpack"' instead?
      node_modules/next/dist/build/webpack/plugins/define-env-plugin.d.ts(26,86): error TS2694: Namespace '"/Users/maevekelly/Downloads/crypto-app/crypto-trading-dashboard/node_modules/next/dist/compiled/webpack/webpack".webpack' has no exported member 'DefinePlugin'.
      node_modules/next/dist/client/components/error-boundary.d.ts(1,8): error TS1259: Module '"/Users/maevekelly/Downloads/crypto-app/crypto-trading-dashboard/node_modules/@types/react/index"' can only be default-imported using the 'esModuleInterop' flag
      node_modules/next/dist/client/components/layout-router.d.ts(3,8): error TS1259: Module '"/Users/maevekelly/Downloads/crypto-app/crypto-trading-dashboard/node_modules/@types/react/index"' can only be default-imported using the 'esModuleInterop' flag
      node_modules/next/dist/client/components/not-found-boundary.d.ts(1,8): error TS1259: Module '"/Users/maevekelly/Downloads/crypto-app/crypto-trading-dashboard/node_modules/@types/react/index"' can only be default-imported using the 'esModuleInterop' flag
      node_modules/next/dist/client/with-router.d.ts(1,8): error TS1259: Module '"/Users/maevekelly/Downloads/crypto-app/crypto-trading-dashboard/node_modules/@types/react/index"' can only be default-imported using the 'esModuleInterop' flag
      node_modules/next/dist/server/app-render/entry-base.d.ts(1,85): error TS2307: Cannot find module 'react-server-dom-webpack/server.edge' or its corresponding type declarations.
      node_modules/next/dist/server/render.d.ts(17,8): error TS1259: Module '"/Users/maevekelly/Downloads/crypto-app/crypto-trading-dashboard/node_modules/@types/react/index"' can only be default-imported using the 'esModuleInterop' flag

üîç src/middleware/auth.ts:
   ‚ùå Has TypeScript errors:
      node_modules/next/dist/build/templates/app-page.d.ts(10,40): error TS2307: Cannot find module 'VAR_MODULE_GLOBAL_ERROR' or its corresponding type declarations.
      node_modules/next/dist/build/webpack-config.d.ts(11,104): error TS2694: Namespace '"/Users/maevekelly/Downloads/crypto-app/crypto-trading-dashboard/node_modules/next/dist/compiled/webpack/webpack".webpack' has no exported member 'RuleSetUseItem'.
      node_modules/next/dist/build/webpack/loaders/next-app-loader.d.ts(1,13): error TS2613: Module '"/Users/maevekelly/Downloads/crypto-app/crypto-trading-dashboard/node_modules/next/dist/compiled/webpack/webpack"' has no default export. Did you mean to use 'import { webpack } from "/Users/maevekelly/Downloads/crypto-app/crypto-trading-dashboard/node_modules/next/dist/compiled/webpack/webpack"' instead?
      node_modules/next/dist/build/webpack/plugins/define-env-plugin.d.ts(26,86): error TS2694: Namespace '"/Users/maevekelly/Downloads/crypto-app/crypto-trading-dashboard/node_modules/next/dist/compiled/webpack/webpack".webpack' has no exported member 'DefinePlugin'.
      node_modules/next/dist/client/components/error-boundary.d.ts(1,8): error TS1259: Module '"/Users/maevekelly/Downloads/crypto-app/crypto-trading-dashboard/node_modules/@types/react/index"' can only be default-imported using the 'esModuleInterop' flag
      node_modules/next/dist/client/components/layout-router.d.ts(3,8): error TS1259: Module '"/Users/maevekelly/Downloads/crypto-app/crypto-trading-dashboard/node_modules/@types/react/index"' can only be default-imported using the 'esModuleInterop' flag
      node_modules/next/dist/client/components/not-found-boundary.d.ts(1,8): error TS1259: Module '"/Users/maevekelly/Downloads/crypto-app/crypto-trading-dashboard/node_modules/@types/react/index"' can only be default-imported using the 'esModuleInterop' flag
      node_modules/next/dist/client/with-router.d.ts(1,8): error TS1259: Module '"/Users/maevekelly/Downloads/crypto-app/crypto-trading-dashboard/node_modules/@types/react/index"' can only be default-imported using the 'esModuleInterop' flag
      node_modules/next/dist/server/app-render/entry-base.d.ts(1,85): error TS2307: Cannot find module 'react-server-dom-webpack/server.edge' or its corresponding type declarations.
      node_modules/next/dist/server/render.d.ts(17,8): error TS1259: Module '"/Users/maevekelly/Downloads/crypto-app/crypto-trading-dashboard/node_modules/@types/react/index"' can only be default-imported using the 'esModuleInterop' flag

üîç src/middleware/rate-limit.ts:
   ‚ùå Has TypeScript errors:
      node_modules/next/dist/build/templates/app-page.d.ts(10,40): error TS2307: Cannot find module 'VAR_MODULE_GLOBAL_ERROR' or its corresponding type declarations.
      node_modules/next/dist/build/webpack-config.d.ts(11,104): error TS2694: Namespace '"/Users/maevekelly/Downloads/crypto-app/crypto-trading-dashboard/node_modules/next/dist/compiled/webpack/webpack".webpack' has no exported member 'RuleSetUseItem'.
      node_modules/next/dist/build/webpack/loaders/next-app-loader.d.ts(1,13): error TS2613: Module '"/Users/maevekelly/Downloads/crypto-app/crypto-trading-dashboard/node_modules/next/dist/compiled/webpack/webpack"' has no default export. Did you mean to use 'import { webpack } from "/Users/maevekelly/Downloads/crypto-app/crypto-trading-dashboard/node_modules/next/dist/compiled/webpack/webpack"' instead?
      node_modules/next/dist/build/webpack/plugins/define-env-plugin.d.ts(26,86): error TS2694: Namespace '"/Users/maevekelly/Downloads/crypto-app/crypto-trading-dashboard/node_modules/next/dist/compiled/webpack/webpack".webpack' has no exported member 'DefinePlugin'.
      node_modules/next/dist/client/components/error-boundary.d.ts(1,8): error TS1259: Module '"/Users/maevekelly/Downloads/crypto-app/crypto-trading-dashboard/node_modules/@types/react/index"' can only be default-imported using the 'esModuleInterop' flag
      node_modules/next/dist/client/components/layout-router.d.ts(3,8): error TS1259: Module '"/Users/maevekelly/Downloads/crypto-app/crypto-trading-dashboard/node_modules/@types/react/index"' can only be default-imported using the 'esModuleInterop' flag
      node_modules/next/dist/client/components/not-found-boundary.d.ts(1,8): error TS1259: Module '"/Users/maevekelly/Downloads/crypto-app/crypto-trading-dashboard/node_modules/@types/react/index"' can only be default-imported using the 'esModuleInterop' flag
      node_modules/next/dist/client/with-router.d.ts(1,8): error TS1259: Module '"/Users/maevekelly/Downloads/crypto-app/crypto-trading-dashboard/node_modules/@types/react/index"' can only be default-imported using the 'esModuleInterop' flag
      node_modules/next/dist/server/app-render/entry-base.d.ts(1,85): error TS2307: Cannot find module 'react-server-dom-webpack/server.edge' or its corresponding type declarations.
      node_modules/next/dist/server/render.d.ts(17,8): error TS1259: Module '"/Users/maevekelly/Downloads/crypto-app/crypto-trading-dashboard/node_modules/@types/react/index"' can only be default-imported using the 'esModuleInterop' flag

üîç src/middleware/security.ts:
   ‚ùå Has TypeScript errors:
      node_modules/next/dist/build/templates/app-page.d.ts(10,40): error TS2307: Cannot find module 'VAR_MODULE_GLOBAL_ERROR' or its corresponding type declarations.
      node_modules/next/dist/build/webpack-config.d.ts(11,104): error TS2694: Namespace '"/Users/maevekelly/Downloads/crypto-app/crypto-trading-dashboard/node_modules/next/dist/compiled/webpack/webpack".webpack' has no exported member 'RuleSetUseItem'.
      node_modules/next/dist/build/webpack/loaders/next-app-loader.d.ts(1,13): error TS2613: Module '"/Users/maevekelly/Downloads/crypto-app/crypto-trading-dashboard/node_modules/next/dist/compiled/webpack/webpack"' has no default export. Did you mean to use 'import { webpack } from "/Users/maevekelly/Downloads/crypto-app/crypto-trading-dashboard/node_modules/next/dist/compiled/webpack/webpack"' instead?
      node_modules/next/dist/build/webpack/plugins/define-env-plugin.d.ts(26,86): error TS2694: Namespace '"/Users/maevekelly/Downloads/crypto-app/crypto-trading-dashboard/node_modules/next/dist/compiled/webpack/webpack".webpack' has no exported member 'DefinePlugin'.
      node_modules/next/dist/client/components/error-boundary.d.ts(1,8): error TS1259: Module '"/Users/maevekelly/Downloads/crypto-app/crypto-trading-dashboard/node_modules/@types/react/index"' can only be default-imported using the 'esModuleInterop' flag
      node_modules/next/dist/client/components/layout-router.d.ts(3,8): error TS1259: Module '"/Users/maevekelly/Downloads/crypto-app/crypto-trading-dashboard/node_modules/@types/react/index"' can only be default-imported using the 'esModuleInterop' flag
      node_modules/next/dist/client/components/not-found-boundary.d.ts(1,8): error TS1259: Module '"/Users/maevekelly/Downloads/crypto-app/crypto-trading-dashboard/node_modules/@types/react/index"' can only be default-imported using the 'esModuleInterop' flag
      node_modules/next/dist/client/with-router.d.ts(1,8): error TS1259: Module '"/Users/maevekelly/Downloads/crypto-app/crypto-trading-dashboard/node_modules/@types/react/index"' can only be default-imported using the 'esModuleInterop' flag
      node_modules/next/dist/server/app-render/entry-base.d.ts(1,85): error TS2307: Cannot find module 'react-server-dom-webpack/server.edge' or its corresponding type declarations.
      node_modules/next/dist/server/render.d.ts(17,8): error TS1259: Module '"/Users/maevekelly/Downloads/crypto-app/crypto-trading-dashboard/node_modules/@types/react/index"' can only be default-imported using the 'esModuleInterop' flag


üîç Method 5: Finding all .tsx and .ts files with potential issues...
===================================================================
üìÅ Checking TypeScript files in src/:
‚ùå src/middleware/security.ts: 20 errors
‚ùå src/middleware/rate-limit.ts: 20 errors
‚ùå src/middleware/auth.ts: 21 errors
‚úÖ src/types/crypto.ts: No errors
‚úÖ src/types/index.ts: No errors
‚ùå src/app/dashboard/page.tsx: 39 errors
‚ùå src/app/coin/[id]/page.tsx: 90 errors
‚ùå src/app/layout.tsx: 31 errors
‚ùå src/app/api/metrics/route.ts: 20 errors
‚ùå src/app/api/auth/register/route.ts: 23 errors
‚ùå src/app/api/auth/login/route.ts: 24 errors
‚ùå src/app/api/health/route.ts: 21 errors
‚ùå src/app/api/tokens/[address]/route.ts: 20 errors
‚ùå src/app/api/tokens/route.ts: 20 errors
‚ùå src/app/page.tsx: 39 errors
‚ùå src/components/ui/card.tsx: 2 errors
‚ùå src/components/ui/badge.tsx: 2 errors
‚ùå src/components/ui/table.tsx: 8 errors
‚ùå src/components/ui/acceleration-meter.tsx: 5 errors
‚ùå src/components/ui/button.tsx: 2 errors

üéØ Analysis Complete!
====================
üìÑ Full analysis saved to: typescript-errors-20250715-041903.log
üîç Review the file contents for all error details
üí° Share this file for comprehensive error fixing!

üìã Next steps:
1. Review the errors in typescript-errors-20250715-041903.log
2. Share the file contents
3. Get a single comprehensive fix for ALL issues
